c:\users\lenovo\source\repos\kyr2\kyr2\x64\debug\vc142.pdb
c:\users\lenovo\source\repos\kyr2\kyr2\x64\debug\.netframework,version=v4.7.2.assemblyattributes.obj
c:\users\lenovo\source\repos\kyr2\kyr2\x64\debug\myform2.obj
c:\users\lenovo\source\repos\kyr2\kyr2\x64\debug\myform.obj
c:\users\lenovo\source\repos\kyr2\kyr2\x64\debug\creater.obj
c:\users\lenovo\source\repos\kyr2\kyr2\x64\debug\autorization.obj
c:\users\lenovo\source\repos\kyr2\kyr2\x64\debug\admin.obj
c:\users\lenovo\source\repos\kyr2\kyr2\x64\debug\requests.obj
c:\users\lenovo\source\repos\kyr2\kyr2\x64\debug\kyr2.admin.resources
c:\users\lenovo\source\repos\kyr2\kyr2\x64\debug\kyr2.autorization.resources
c:\users\lenovo\source\repos\kyr2\kyr2\x64\debug\kyr2.creater.resources
c:\users\lenovo\source\repos\kyr2\kyr2\x64\debug\kyr2.myform.resources
c:\users\lenovo\source\repos\kyr2\kyr2\x64\debug\kyr2.myform2.resources
c:\users\lenovo\source\repos\kyr2\x64\debug\kyr2.exe
c:\users\lenovo\source\repos\kyr2\x64\debug\kyr2.pdb
c:\users\lenovo\source\repos\kyr2\kyr2\x64\debug\kyr2.tlog\cl.command.1.tlog
c:\users\lenovo\source\repos\kyr2\kyr2\x64\debug\kyr2.tlog\cl.read.1.tlog
c:\users\lenovo\source\repos\kyr2\kyr2\x64\debug\kyr2.tlog\cl.write.1.tlog
c:\users\lenovo\source\repos\kyr2\kyr2\x64\debug\kyr2.tlog\kyr2.write.1u.tlog
c:\users\lenovo\source\repos\kyr2\kyr2\x64\debug\kyr2.tlog\link.15484-cvtres.read.1.tlog
c:\users\lenovo\source\repos\kyr2\kyr2\x64\debug\kyr2.tlog\link.15484-cvtres.write.1.tlog
c:\users\lenovo\source\repos\kyr2\kyr2\x64\debug\kyr2.tlog\link.15484-rc.read.1.tlog
c:\users\lenovo\source\repos\kyr2\kyr2\x64\debug\kyr2.tlog\link.15484-rc.write.1.tlog
c:\users\lenovo\source\repos\kyr2\kyr2\x64\debug\kyr2.tlog\link.15484.read.1.tlog
c:\users\lenovo\source\repos\kyr2\kyr2\x64\debug\kyr2.tlog\link.15484.write.1.tlog
c:\users\lenovo\source\repos\kyr2\kyr2\x64\debug\kyr2.tlog\link.18776-cvtres.read.1.tlog
c:\users\lenovo\source\repos\kyr2\kyr2\x64\debug\kyr2.tlog\link.18776-cvtres.write.1.tlog
c:\users\lenovo\source\repos\kyr2\kyr2\x64\debug\kyr2.tlog\link.18776-rc.read.1.tlog
c:\users\lenovo\source\repos\kyr2\kyr2\x64\debug\kyr2.tlog\link.18776-rc.write.1.tlog
c:\users\lenovo\source\repos\kyr2\kyr2\x64\debug\kyr2.tlog\link.18776.read.1.tlog
c:\users\lenovo\source\repos\kyr2\kyr2\x64\debug\kyr2.tlog\link.18776.write.1.tlog
c:\users\lenovo\source\repos\kyr2\kyr2\x64\debug\kyr2.tlog\link.31068-cvtres.read.1.tlog
c:\users\lenovo\source\repos\kyr2\kyr2\x64\debug\kyr2.tlog\link.31068-cvtres.write.1.tlog
c:\users\lenovo\source\repos\kyr2\kyr2\x64\debug\kyr2.tlog\link.31068-rc.read.1.tlog
c:\users\lenovo\source\repos\kyr2\kyr2\x64\debug\kyr2.tlog\link.31068-rc.write.1.tlog
c:\users\lenovo\source\repos\kyr2\kyr2\x64\debug\kyr2.tlog\link.31068.read.1.tlog
c:\users\lenovo\source\repos\kyr2\kyr2\x64\debug\kyr2.tlog\link.31068.write.1.tlog
c:\users\lenovo\source\repos\kyr2\kyr2\x64\debug\kyr2.tlog\link.7720-cvtres.read.1.tlog
c:\users\lenovo\source\repos\kyr2\kyr2\x64\debug\kyr2.tlog\link.7720-cvtres.write.1.tlog
c:\users\lenovo\source\repos\kyr2\kyr2\x64\debug\kyr2.tlog\link.7720-rc.read.1.tlog
c:\users\lenovo\source\repos\kyr2\kyr2\x64\debug\kyr2.tlog\link.7720-rc.write.1.tlog
c:\users\lenovo\source\repos\kyr2\kyr2\x64\debug\kyr2.tlog\link.7720.read.1.tlog
c:\users\lenovo\source\repos\kyr2\kyr2\x64\debug\kyr2.tlog\link.7720.write.1.tlog
c:\users\lenovo\source\repos\kyr2\kyr2\x64\debug\kyr2.tlog\link.7792-cvtres.read.1.tlog
c:\users\lenovo\source\repos\kyr2\kyr2\x64\debug\kyr2.tlog\link.7792-cvtres.write.1.tlog
c:\users\lenovo\source\repos\kyr2\kyr2\x64\debug\kyr2.tlog\link.7792-rc.read.1.tlog
c:\users\lenovo\source\repos\kyr2\kyr2\x64\debug\kyr2.tlog\link.7792-rc.write.1.tlog
c:\users\lenovo\source\repos\kyr2\kyr2\x64\debug\kyr2.tlog\link.7792.read.1.tlog
c:\users\lenovo\source\repos\kyr2\kyr2\x64\debug\kyr2.tlog\link.7792.write.1.tlog
c:\users\lenovo\source\repos\kyr2\kyr2\x64\debug\kyr2.tlog\link.command.1.tlog
c:\users\lenovo\source\repos\kyr2\kyr2\x64\debug\kyr2.tlog\link.read.1.tlog
c:\users\lenovo\source\repos\kyr2\kyr2\x64\debug\kyr2.tlog\link.write.1.tlog
c:\users\lenovo\source\repos\kyr2\kyr2\x64\debug\kyr2.tlog\metagen.read.1.tlog
c:\users\lenovo\source\repos\kyr2\kyr2\x64\debug\kyr2.tlog\metagen.write.1.tlog
